<?xml version="1.0" encoding="UTF-8"?>
<!-- Generated by org.testng.reporters.JUnitReportReporter -->
<testsuite skipped="2" hostname="LMCTag005" name="com.Classes.SelectAMealPlanWithNewMeals" tests="8" failures="0" timestamp="04 Aug 2020 05:12:53 GMT" time="56.911" errors="0">
  <testcase name="selectTheMeals" time="11.505" classname="com.Classes.SelectAMealPlanWithNewMeals"/>
  <testcase name="clickOnGetStarted" time="25.310" classname="com.Classes.SelectAMealPlanWithNewMeals"/>
  <testcase name="chooseAMealPlan" time="0.799" classname="com.Classes.SelectAMealPlanWithNewMeals"/>
  <testcase name="selectTheAddressByDeafult" time="5.252" classname="com.Classes.SelectAMealPlanWithNewMeals"/>
  <testcase name="selectTheCardByDefault" time="6.398" classname="com.Classes.SelectAMealPlanWithNewMeals"/>
  <testcase name="loginAfterSelectingTheMeals" time="7.647" classname="com.Classes.SelectAMealPlanWithNewMeals"/>
  <testcase name="clickOnAddNewAndEnterTheCardDetailsForPayment" classname="com.Classes.SelectAMealPlanWithNewMeals">
    <skipped/>
  </testcase> <!-- clickOnAddNewAndEnterTheCardDetailsForPayment -->
  <testcase name="enterTheDeliveryAddress" classname="com.Classes.SelectAMealPlanWithNewMeals">
    <skipped/>
  </testcase> <!-- enterTheDeliveryAddress -->
</testsuite> <!-- com.Classes.SelectAMealPlanWithNewMeals -->
